app/build/outputs/logs/manifest-merger-debug-report.txt
-- Merging decision tree log ---
manifest
ADDED from src/main/AndroidManifest.xml:2:1-24:12
INJECTED from src/main/AndroidManifest.xml:2:1-24:12
INJECTED from src/main/AndroidManifest.xml:2:1-24:12
INJECTED from src/main/AndroidManifest.xml:2:1-24:12
MERGED from [com.google.android.material:material:1.1.0] AndroidManifest.xml:17:1-24:12
MERGED from [androidx.appcompat:appcompat:1.1.0] AndroidManifest.xml:17:1-24:12
MERGED from [androidx.constraintlayout:constraintlayout:1.1.3] AndroidManifest.xml:2:1-11:12
MERGED from [androidx.work:work-runtime:2.3.4] AndroidManifest.xml:17:1-132:12
MERGED from [androidx.viewpager2:viewpager2:1.0.0] AndroidManifest.xml:17:1-24:12
MERGED from [androidx.fragment:fragment:1.1.0] AndroidManifest.xml:17:1-24:12
MERGED from [androidx.appcompat:appcompat-resources:1.1.0] AndroidManifest.xml:17:1-24:12
MERGED from [androidx.drawerlayout:drawerlayout:1.0.0] AndroidManifest.xml:17:1-22:12
MERGED from [androidx.coordinatorlayout:coordinatorlayout:1.1.0] AndroidManifest.xml:17:1-24:12
MERGED from [androidx.transition:transition:1.2.0] AndroidManifest.xml:17:1-24:12
MERGED from [androidx.vectordrawable:vectordrawable-animated:1.1.0] AndroidManifest.xml:17:1-24:12
MERGED from [androidx.vectordrawable:vectordrawable:1.1.0] AndroidManifest.xml:17:1-24:12
MERGED from [androidx.viewpager:viewpager:1.0.0] AndroidManifest.xml:17:1-22:12
MERGED from [androidx.loader:loader:1.0.0] AndroidManifest.xml:17:1-22:12
MERGED from [androidx.activity:activity:1.0.0] AndroidManifest.xml:17:1-24:12
MERGED from [androidx.recyclerview:recyclerview:1.1.0] AndroidManifest.xml:17:1-24:12
MERGED from [androidx.customview:customview:1.0.0] AndroidManifest.xml:17:1-22:12
MERGED from [androidx.core:core:1.1.0] AndroidManifest.xml:17:1-26:12
MERGED from [androidx.cursoradapter:cursoradapter:1.0.0] AndroidManifest.xml:17:1-22:12
MERGED from [androidx.cardview:cardview:1.0.0] AndroidManifest.xml:17:1-22:12
MERGED from [androidx.room:room-runtime:2.2.3] AndroidManifest.xml:17:1-30:12
MERGED from [androidx.sqlite:sqlite-framework:2.1.0] AndroidManifest.xml:17:1-24:12
MERGED from [androidx.sqlite:sqlite:2.1.0] AndroidManifest.xml:17:1-24:12
MERGED from [androidx.versionedparcelable:versionedparcelable:1.1.0] AndroidManifest.xml:17:1-27:12
MERGED from [androidx.lifecycle:lifecycle-livedata:2.1.0] AndroidManifest.xml:17:1-22:12
MERGED from [androidx.lifecycle:lifecycle-livedata-core:2.1.0] AndroidManifest.xml:17:1-22:12
MERGED from [androidx.arch.core:core-runtime:2.1.0] AndroidManifest.xml:17:1-24:12
MERGED from [androidx.lifecycle:lifecycle-service:2.1.0] AndroidManifest.xml:17:1-22:12
MERGED from [androidx.lifecycle:lifecycle-runtime:2.1.0] AndroidManifest.xml:17:1-22:12
MERGED from [androidx.savedstate:savedstate:1.0.0] AndroidManifest.xml:17:1-24:12
MERGED from [androidx.lifecycle:lifecycle-viewmodel:2.1.0] AndroidManifest.xml:17:1-22:12
MERGED from [androidx.interpolator:interpolator:1.0.0] AndroidManifest.xml:17:1-22:12
INJECTED from src/main/AndroidManifest.xml:2:1-24:12
INJECTED from src/main/AndroidManifest.xml:2:1-24:12
INJECTED from src/main/AndroidManifest.xml:2:1-24:12
	package
		ADDED from src/main/AndroidManifest.xml:3:5-32
		INJECTED from src/main/AndroidManifest.xml
		INJECTED from src/main/AndroidManifest.xml
	android:versionName
		INJECTED from src/main/AndroidManifest.xml
		ADDED from src/main/AndroidManifest.xml:2:1-24:12
		INJECTED from src/main/AndroidManifest.xml
	android:versionCode
		INJECTED from src/main/AndroidManifest.xml
		ADDED from src/main/AndroidManifest.xml:2:1-24:12
		INJECTED from src/main/AndroidManifest.xml
	xmlns:android
		ADDED from src/main/AndroidManifest.xml:2:11-69
uses-permission#android.permission.INTERNET
ADDED from src/main/AndroidManifest.xml:5:5-68
	android:name
		ADDED from src/main/AndroidManifest.xml:5:22-66
application
ADDED from src/main/AndroidManifest.xml:8:5-22:19
MERGED from [com.google.android.material:material:1.1.0] AndroidManifest.xml:22:5-20
MERGED from [com.google.android.material:material:1.1.0] AndroidManifest.xml:22:5-20
MERGED from [androidx.constraintlayout:constraintlayout:1.1.3] AndroidManifest.xml:9:5-20
MERGED from [androidx.constraintlayout:constraintlayout:1.1.3] AndroidManifest.xml:9:5-20
MERGED from [androidx.work:work-runtime:2.3.4] AndroidManifest.xml:30:5-130:19
MERGED from [androidx.work:work-runtime:2.3.4] AndroidManifest.xml:30:5-130:19
MERGED from [androidx.core:core:1.1.0] AndroidManifest.xml:24:5-89
MERGED from [androidx.core:core:1.1.0] AndroidManifest.xml:24:5-89
MERGED from [androidx.room:room-runtime:2.2.3] AndroidManifest.xml:24:5-28:19
MERGED from [androidx.room:room-runtime:2.2.3] AndroidManifest.xml:24:5-28:19
MERGED from [androidx.versionedparcelable:versionedparcelable:1.1.0] AndroidManifest.xml:24:5-25:19
MERGED from [androidx.versionedparcelable:versionedparcelable:1.1.0] AndroidManifest.xml:24:5-25:19
	android:appComponentFactory
		ADDED from [androidx.core:core:1.1.0] AndroidManifest.xml:24:18-86
	android:supportsRtl
		ADDED from src/main/AndroidManifest.xml:13:9-35
	android:label
		ADDED from src/main/AndroidManifest.xml:11:9-41
	android:roundIcon
		ADDED from src/main/AndroidManifest.xml:12:9-54
	android:icon
		ADDED from src/main/AndroidManifest.xml:10:9-43
	android:allowBackup
		ADDED from src/main/AndroidManifest.xml:9:9-35
	android:theme
		ADDED from src/main/AndroidManifest.xml:14:9-43
activity#com.example.event.MainActivity
ADDED from src/main/AndroidManifest.xml:15:9-21:20
	android:name
		ADDED from src/main/AndroidManifest.xml:15:19-47
intent-filter#action:name:android.intent.action.MAIN+category:name:android.intent.category.LAUNCHER
ADDED from src/main/AndroidManifest.xml:16:13-20:29
action#android.intent.action.MAIN
ADDED from src/main/AndroidManifest.xml:17:17-69
	android:name
		ADDED from src/main/AndroidManifest.xml:17:25-66
category#android.intent.category.LAUNCHER
ADDED from src/main/AndroidManifest.xml:19:17-77
	android:name
		ADDED from src/main/AndroidManifest.xml:19:27-74
uses-sdk
INJECTED from src/main/AndroidManifest.xml reason: use-sdk injection requested
INJECTED from src/main/AndroidManifest.xml
INJECTED from src/main/AndroidManifest.xml
MERGED from [com.google.android.material:material:1.1.0] AndroidManifest.xml:20:5-44
MERGED from [com.google.android.material:material:1.1.0] AndroidManifest.xml:20:5-44
MERGED from [androidx.appcompat:appcompat:1.1.0] AndroidManifest.xml:20:5-22:41
MERGED from [androidx.appcompat:appcompat:1.1.0] AndroidManifest.xml:20:5-22:41
MERGED from [androidx.constraintlayout:constraintlayout:1.1.3] AndroidManifest.xml:5:5-7:41
MERGED from [androidx.constraintlayout:constraintlayout:1.1.3] AndroidManifest.xml:5:5-7:41
MERGED from [androidx.work:work-runtime:2.3.4] AndroidManifest.xml:21:5-23:41
MERGED from [androidx.work:work-runtime:2.3.4] AndroidManifest.xml:21:5-23:41
MERGED from [androidx.viewpager2:viewpager2:1.0.0] AndroidManifest.xml:20:5-22:41
MERGED from [androidx.viewpager2:viewpager2:1.0.0] AndroidManifest.xml:20:5-22:41
MERGED from [androidx.fragment:fragment:1.1.0] AndroidManifest.xml:20:5-22:41
MERGED from [androidx.fragment:fragment:1.1.0] AndroidManifest.xml:20:5-22:41
MERGED from [androidx.appcompat:appcompat-resources:1.1.0] AndroidManifest.xml:20:5-22:41
MERGED from [androidx.appcompat:appcompat-resources:1.1.0] AndroidManifest.xml:20:5-22:41
MERGED from [androidx.drawerlayout:drawerlayout:1.0.0] AndroidManifest.xml:20:5-44
MERGED from [androidx.drawerlayout:drawerlayout:1.0.0] AndroidManifest.xml:20:5-44
MERGED from [androidx.coordinatorlayout:coordinatorlayout:1.1.0] AndroidManifest.xml:20:5-22:41
MERGED from [androidx.coordinatorlayout:coordinatorlayout:1.1.0] AndroidManifest.xml:20:5-22:41
MERGED from [androidx.transition:transition:1.2.0] AndroidManifest.xml:20:5-22:41
MERGED from [androidx.transition:transition:1.2.0] AndroidManifest.xml:20:5-22:41
MERGED from [androidx.vectordrawable:vectordrawable-animated:1.1.0] AndroidManifest.xml:20:5-22:41
MERGED from [androidx.vectordrawable:vectordrawable-animated:1.1.0] AndroidManifest.xml:20:5-22:41
MERGED from [androidx.vectordrawable:vectordrawable:1.1.0] AndroidManifest.xml:20:5-22:41
MERGED from [androidx.vectordrawable:vectordrawable:1.1.0] AndroidManifest.xml:20:5-22:41
MERGED from [androidx.viewpager:viewpager:1.0.0] AndroidManifest.xml:20:5-44
MERGED from [androidx.viewpager:viewpager:1.0.0] AndroidManifest.xml:20:5-44
MERGED from [androidx.loader:loader:1.0.0] AndroidManifest.xml:20:5-44
MERGED from [androidx.loader:loader:1.0.0] AndroidManifest.xml:20:5-44
MERGED from [androidx.activity:activity:1.0.0] AndroidManifest.xml:20:5-22:41
MERGED from [androidx.activity:activity:1.0.0] AndroidManifest.xml:20:5-22:41
MERGED from [androidx.recyclerview:recyclerview:1.1.0] AndroidManifest.xml:20:5-22:41
MERGED from [androidx.recyclerview:recyclerview:1.1.0] AndroidManifest.xml:20:5-22:41
MERGED from [androidx.customview:customview:1.0.0] AndroidManifest.xml:20:5-44
MERGED from [androidx.customview:customview:1.0.0] AndroidManifest.xml:20:5-44
MERGED from [androidx.core:core:1.1.0] AndroidManifest.xml:20:5-22:41
MERGED from [androidx.core:core:1.1.0] AndroidManifest.xml:20:5-22:41
MERGED from [androidx.cursoradapter:cursoradapter:1.0.0] AndroidManifest.xml:20:5-44
MERGED from [androidx.cursoradapter:cursoradapter:1.0.0] AndroidManifest.xml:20:5-44
MERGED from [androidx.cardview:cardview:1.0.0] AndroidManifest.xml:20:5-44
MERGED from [androidx.cardview:cardview:1.0.0] AndroidManifest.xml:20:5-44
MERGED from [androidx.room:room-runtime:2.2.3] AndroidManifest.xml:20:5-22:41
MERGED from [androidx.room:room-runtime:2.2.3] AndroidManifest.xml:20:5-22:41
MERGED from [androidx.sqlite:sqlite-framework:2.1.0] AndroidManifest.xml:20:5-22:41
MERGED from [androidx.sqlite:sqlite-framework:2.1.0] AndroidManifest.xml:20:5-22:41
MERGED from [androidx.sqlite:sqlite:2.1.0] AndroidManifest.xml:20:5-22:41
MERGED from [androidx.sqlite:sqlite:2.1.0] AndroidManifest.xml:20:5-22:41
MERGED from [androidx.versionedparcelable:versionedparcelable:1.1.0] AndroidManifest.xml:20:5-22:41
MERGED from [androidx.versionedparcelable:versionedparcelable:1.1.0] AndroidManifest.xml:20:5-22:41
MERGED from [androidx.lifecycle:lifecycle-livedata:2.1.0] AndroidManifest.xml:20:5-44
MERGED from [androidx.lifecycle:lifecycle-livedata:2.1.0] AndroidManifest.xml:20:5-44
MERGED from [androidx.lifecycle:lifecycle-livedata-core:2.1.0] AndroidManifest.xml:20:5-44
MERGED from [androidx.lifecycle:lifecycle-livedata-core:2.1.0] AndroidManifest.xml:20:5-44
MERGED from [androidx.arch.core:core-runtime:2.1.0] AndroidManifest.xml:20:5-22:41
MERGED from [androidx.arch.core:core-runtime:2.1.0] AndroidManifest.xml:20:5-22:41
MERGED from [androidx.lifecycle:lifecycle-service:2.1.0] AndroidManifest.xml:20:5-44
MERGED from [androidx.lifecycle:lifecycle-service:2.1.0] AndroidManifest.xml:20:5-44
MERGED from [androidx.lifecycle:lifecycle-runtime:2.1.0] AndroidManifest.xml:20:5-44
MERGED from [androidx.lifecycle:lifecycle-runtime:2.1.0] AndroidManifest.xml:20:5-44
MERGED from [androidx.savedstate:savedstate:1.0.0] AndroidManifest.xml:20:5-22:41
MERGED from [androidx.savedstate:savedstate:1.0.0] AndroidManifest.xml:20:5-22:41
MERGED from [androidx.lifecycle:lifecycle-viewmodel:2.1.0] AndroidManifest.xml:20:5-44
MERGED from [androidx.lifecycle:lifecycle-viewmodel:2.1.0] AndroidManifest.xml:20:5-44
MERGED from [androidx.interpolator:interpolator:1.0.0] AndroidManifest.xml:20:5-44
MERGED from [androidx.interpolator:interpolator:1.0.0] AndroidManifest.xml:20:5-44
INJECTED from src/main/AndroidManifest.xml
INJECTED from src/main/AndroidManifest.xml
	android:targetSdkVersion
		INJECTED from src/main/AndroidManifest.xml
		ADDED from src/main/AndroidManifest.xml
		INJECTED from src/main/AndroidManifest.xml
	android:minSdkVersion
		INJECTED from src/main/AndroidManifest.xml
		ADDED from src/main/AndroidManifest.xml
		INJECTED from src/main/AndroidManifest.xml
uses-permission#android.permission.WAKE_LOCK
ADDED from [androidx.work:work-runtime:2.3.4] AndroidManifest.xml:25:5-68
	android:name
		ADDED from [androidx.work:work-runtime:2.3.4] AndroidManifest.xml:25:22-65
uses-permission#android.permission.ACCESS_NETWORK_STATE
ADDED from [androidx.work:work-runtime:2.3.4] AndroidManifest.xml:26:5-79
	android:name
		ADDED from [androidx.work:work-runtime:2.3.4] AndroidManifest.xml:26:22-76
uses-permission#android.permission.RECEIVE_BOOT_COMPLETED
ADDED from [androidx.work:work-runtime:2.3.4] AndroidManifest.xml:27:5-81
	android:name
		ADDED from [androidx.work:work-runtime:2.3.4] AndroidManifest.xml:27:22-78
uses-permission#android.permission.FOREGROUND_SERVICE
ADDED from [androidx.work:work-runtime:2.3.4] AndroidManifest.xml:28:5-77
	android:name
		ADDED from [androidx.work:work-runtime:2.3.4] AndroidManifest.xml:28:22-74
provider#androidx.work.impl.WorkManagerInitializer
ADDED from [androidx.work:work-runtime:2.3.4] AndroidManifest.xml:31:9-37:35
	android:authorities
		ADDED from [androidx.work:work-runtime:2.3.4] AndroidManifest.xml:33:13-68
	android:multiprocess
		ADDED from [androidx.work:work-runtime:2.3.4] AndroidManifest.xml:36:13-40
	android:exported
		ADDED from [androidx.work:work-runtime:2.3.4] AndroidManifest.xml:35:13-37
	tools:targetApi
		ADDED from [androidx.work:work-runtime:2.3.4] AndroidManifest.xml:37:13-32
	android:directBootAware
		ADDED from [androidx.work:work-runtime:2.3.4] AndroidManifest.xml:34:13-44
	android:name
		ADDED from [androidx.work:work-runtime:2.3.4] AndroidManifest.xml:32:13-69
service#androidx.work.impl.background.systemalarm.SystemAlarmService
ADDED from [androidx.work:work-runtime:2.3.4] AndroidManifest.xml:39:9-44:35
	android:enabled
		ADDED from [androidx.work:work-runtime:2.3.4] AndroidManifest.xml:42:13-72
	android:exported
		ADDED from [androidx.work:work-runtime:2.3.4] AndroidManifest.xml:43:13-37
	tools:targetApi
		ADDED from [androidx.work:work-runtime:2.3.4] AndroidManifest.xml:44:13-32
	android:directBootAware
		ADDED from [androidx.work:work-runtime:2.3.4] AndroidManifest.xml:41:13-44
	android:name
		ADDED from [androidx.work:work-runtime:2.3.4] AndroidManifest.xml:40:13-88
service#androidx.work.impl.background.systemjob.SystemJobService
ADDED from [androidx.work:work-runtime:2.3.4] AndroidManifest.xml:45:9-51:35
	android:enabled
		ADDED from [androidx.work:work-runtime:2.3.4] AndroidManifest.xml:48:13-70
	android:exported
		ADDED from [androidx.work:work-runtime:2.3.4] AndroidManifest.xml:49:13-36
	android:permission
		ADDED from [androidx.work:work-runtime:2.3.4] AndroidManifest.xml:50:13-69
	tools:targetApi
		ADDED from [androidx.work:work-runtime:2.3.4] AndroidManifest.xml:51:13-32
	android:directBootAware
		ADDED from [androidx.work:work-runtime:2.3.4] AndroidManifest.xml:47:13-44
	android:name
		ADDED from [androidx.work:work-runtime:2.3.4] AndroidManifest.xml:46:13-84
service#androidx.work.impl.foreground.SystemForegroundService
ADDED from [androidx.work:work-runtime:2.3.4] AndroidManifest.xml:52:9-57:35
	android:enabled
		ADDED from [androidx.work:work-runtime:2.3.4] AndroidManifest.xml:55:13-77
	android:exported
		ADDED from [androidx.work:work-runtime:2.3.4] AndroidManifest.xml:56:13-37
	tools:targetApi
		ADDED from [androidx.work:work-runtime:2.3.4] AndroidManifest.xml:57:13-32
	android:directBootAware
		ADDED from [androidx.work:work-runtime:2.3.4] AndroidManifest.xml:54:13-44
	android:name
		ADDED from [androidx.work:work-runtime:2.3.4] AndroidManifest.xml:53:13-81
receiver#androidx.work.impl.utils.ForceStopRunnable$BroadcastReceiver
ADDED from [androidx.work:work-runtime:2.3.4] AndroidManifest.xml:59:9-64:35
	android:enabled
		ADDED from [androidx.work:work-runtime:2.3.4] AndroidManifest.xml:62:13-35
	android:exported
		ADDED from [androidx.work:work-runtime:2.3.4] AndroidManifest.xml:63:13-37
	tools:targetApi
		ADDED from [androidx.work:work-runtime:2.3.4] AndroidManifest.xml:64:13-32
	android:directBootAware
		ADDED from [androidx.work:work-runtime:2.3.4] AndroidManifest.xml:61:13-44
	android:name
		ADDED from [androidx.work:work-runtime:2.3.4] AndroidManifest.xml:60:13-88
receiver#androidx.work.impl.background.systemalarm.ConstraintProxy$BatteryChargingProxy
ADDED from [androidx.work:work-runtime:2.3.4] AndroidManifest.xml:65:9-75:20
	android:enabled
		ADDED from [androidx.work:work-runtime:2.3.4] AndroidManifest.xml:68:13-36
	android:exported
		ADDED from [androidx.work:work-runtime:2.3.4] AndroidManifest.xml:69:13-37
	tools:targetApi
		ADDED from [androidx.work:work-runtime:2.3.4] AndroidManifest.xml:70:13-32
	android:directBootAware
		ADDED from [androidx.work:work-runtime:2.3.4] AndroidManifest.xml:67:13-44
	android:name
		ADDED from [androidx.work:work-runtime:2.3.4] AndroidManifest.xml:66:13-106
intent-filter#action:name:android.intent.action.ACTION_POWER_CONNECTED+action:name:android.intent.action.ACTION_POWER_DISCONNECTED
ADDED from [androidx.work:work-runtime:2.3.4] AndroidManifest.xml:71:13-74:29
action#android.intent.action.ACTION_POWER_CONNECTED
ADDED from [androidx.work:work-runtime:2.3.4] AndroidManifest.xml:72:17-87
	android:name
		ADDED from [androidx.work:work-runtime:2.3.4] AndroidManifest.xml:72:25-84
action#android.intent.action.ACTION_POWER_DISCONNECTED
ADDED from [androidx.work:work-runtime:2.3.4] AndroidManifest.xml:73:17-90
	android:name
		ADDED from [androidx.work:work-runtime:2.3.4] AndroidManifest.xml:73:25-87
receiver#androidx.work.impl.background.systemalarm.ConstraintProxy$BatteryNotLowProxy
ADDED from [androidx.work:work-runtime:2.3.4] AndroidManifest.xml:76:9-86:20
	android:enabled
		ADDED from [androidx.work:work-runtime:2.3.4] AndroidManifest.xml:79:13-36
	android:exported
		ADDED from [androidx.work:work-runtime:2.3.4] AndroidManifest.xml:80:13-37
	tools:targetApi
		ADDED from [androidx.work:work-runtime:2.3.4] AndroidManifest.xml:81:13-32
	android:directBootAware
		ADDED from [androidx.work:work-runtime:2.3.4] AndroidManifest.xml:78:13-44
	android:name
		ADDED from [androidx.work:work-runtime:2.3.4] AndroidManifest.xml:77:13-104
intent-filter#action:name:android.intent.action.BATTERY_LOW+action:name:android.intent.action.BATTERY_OKAY
ADDED from [androidx.work:work-runtime:2.3.4] AndroidManifest.xml:82:13-85:29
action#android.intent.action.BATTERY_OKAY
ADDED from [androidx.work:work-runtime:2.3.4] AndroidManifest.xml:83:17-77
	android:name
		ADDED from [androidx.work:work-runtime:2.3.4] AndroidManifest.xml:83:25-74
action#android.intent.action.BATTERY_LOW
ADDED from [androidx.work:work-runtime:2.3.4] AndroidManifest.xml:84:17-76
	android:name
		ADDED from [androidx.work:work-runtime:2.3.4] AndroidManifest.xml:84:25-73
receiver#androidx.work.impl.background.systemalarm.ConstraintProxy$StorageNotLowProxy
ADDED from [androidx.work:work-runtime:2.3.4] AndroidManifest.xml:87:9-97:20
	android:enabled
		ADDED from [androidx.work:work-runtime:2.3.4] AndroidManifest.xml:90:13-36
	android:exported
		ADDED from [androidx.work:work-runtime:2.3.4] AndroidManifest.xml:91:13-37
	tools:targetApi
		ADDED from [androidx.work:work-runtime:2.3.4] AndroidManifest.xml:92:13-32
	android:directBootAware
		ADDED from [androidx.work:work-runtime:2.3.4] AndroidManifest.xml:89:13-44
	android:name
		ADDED from [androidx.work:work-runtime:2.3.4] AndroidManifest.xml:88:13-104
intent-filter#action:name:android.intent.action.DEVICE_STORAGE_LOW+action:name:android.intent.action.DEVICE_STORAGE_OK
ADDED from [androidx.work:work-runtime:2.3.4] AndroidManifest.xml:93:13-96:29
action#android.intent.action.DEVICE_STORAGE_LOW
ADDED from [androidx.work:work-runtime:2.3.4] AndroidManifest.xml:94:17-83
	android:name
		ADDED from [androidx.work:work-runtime:2.3.4] AndroidManifest.xml:94:25-80
action#android.intent.action.DEVICE_STORAGE_OK
ADDED from [androidx.work:work-runtime:2.3.4] AndroidManifest.xml:95:17-82
	android:name
		ADDED from [androidx.work:work-runtime:2.3.4] AndroidManifest.xml:95:25-79
receiver#androidx.work.impl.background.systemalarm.ConstraintProxy$NetworkStateProxy
ADDED from [androidx.work:work-runtime:2.3.4] AndroidManifest.xml:98:9-107:20
	android:enabled
		ADDED from [androidx.work:work-runtime:2.3.4] AndroidManifest.xml:101:13-36
	android:exported
		ADDED from [androidx.work:work-runtime:2.3.4] AndroidManifest.xml:102:13-37
	tools:targetApi
		ADDED from [androidx.work:work-runtime:2.3.4] AndroidManifest.xml:103:13-32
	android:directBootAware
		ADDED from [androidx.work:work-runtime:2.3.4] AndroidManifest.xml:100:13-44
	android:name
		ADDED from [androidx.work:work-runtime:2.3.4] AndroidManifest.xml:99:13-103
intent-filter#action:name:android.net.conn.CONNECTIVITY_CHANGE
ADDED from [androidx.work:work-runtime:2.3.4] AndroidManifest.xml:104:13-106:29
action#android.net.conn.CONNECTIVITY_CHANGE
ADDED from [androidx.work:work-runtime:2.3.4] AndroidManifest.xml:105:17-79
	android:name
		ADDED from [androidx.work:work-runtime:2.3.4] AndroidManifest.xml:105:25-76
receiver#androidx.work.impl.background.systemalarm.RescheduleReceiver
ADDED from [androidx.work:work-runtime:2.3.4] AndroidManifest.xml:108:9-119:20
	android:enabled
		ADDED from [androidx.work:work-runtime:2.3.4] AndroidManifest.xml:111:13-36
	android:exported
		ADDED from [androidx.work:work-runtime:2.3.4] AndroidManifest.xml:112:13-37
	tools:targetApi
		ADDED from [androidx.work:work-runtime:2.3.4] AndroidManifest.xml:113:13-32
	android:directBootAware
		ADDED from [androidx.work:work-runtime:2.3.4] AndroidManifest.xml:110:13-44
	android:name
		ADDED from [androidx.work:work-runtime:2.3.4] AndroidManifest.xml:109:13-88
intent-filter#action:name:android.intent.action.BOOT_COMPLETED+action:name:android.intent.action.TIMEZONE_CHANGED+action:name:android.intent.action.TIME_SET
ADDED from [androidx.work:work-runtime:2.3.4] AndroidManifest.xml:114:13-118:29
action#android.intent.action.BOOT_COMPLETED
ADDED from [androidx.work:work-runtime:2.3.4] AndroidManifest.xml:115:17-79
	android:name
		ADDED from [androidx.work:work-runtime:2.3.4] AndroidManifest.xml:115:25-76
action#android.intent.action.TIME_SET
ADDED from [androidx.work:work-runtime:2.3.4] AndroidManifest.xml:116:17-73
	android:name
		ADDED from [androidx.work:work-runtime:2.3.4] AndroidManifest.xml:116:25-70
action#android.intent.action.TIMEZONE_CHANGED
ADDED from [androidx.work:work-runtime:2.3.4] AndroidManifest.xml:117:17-81
	android:name
		ADDED from [androidx.work:work-runtime:2.3.4] AndroidManifest.xml:117:25-78
receiver#androidx.work.impl.background.systemalarm.ConstraintProxyUpdateReceiver
ADDED from [androidx.work:work-runtime:2.3.4] AndroidManifest.xml:120:9-129:20
	android:enabled
		ADDED from [androidx.work:work-runtime:2.3.4] AndroidManifest.xml:123:13-72
	android:exported
		ADDED from [androidx.work:work-runtime:2.3.4] AndroidManifest.xml:124:13-37
	tools:targetApi
		ADDED from [androidx.work:work-runtime:2.3.4] AndroidManifest.xml:125:13-32
	android:directBootAware
		ADDED from [androidx.work:work-runtime:2.3.4] AndroidManifest.xml:122:13-44
	android:name
		ADDED from [androidx.work:work-runtime:2.3.4] AndroidManifest.xml:121:13-99
intent-filter#action:name:androidx.work.impl.background.systemalarm.UpdateProxies
ADDED from [androidx.work:work-runtime:2.3.4] AndroidManifest.xml:126:13-128:29
action#androidx.work.impl.background.systemalarm.UpdateProxies
ADDED from [androidx.work:work-runtime:2.3.4] AndroidManifest.xml:127:17-98
	android:name
		ADDED from [androidx.work:work-runtime:2.3.4] AndroidManifest.xml:127:25-95
service#androidx.room.MultiInstanceInvalidationService
ADDED from [androidx.room:room-runtime:2.2.3] AndroidManifest.xml:25:9-27:40
	android:exported
		ADDED from [androidx.room:room-runtime:2.2.3] AndroidManifest.xml:27:13-37
	android:name
		ADDED from [androidx.room:room-runtime:2.2.3] AndroidManifest.xml:26:13-74